{"pairID":"1","level":1}
{"pairID":"1","level":1}
{"pairID":"1","questionNum":[1,4],"level":4,"interval":666399.6999999993,"hint":false,"exchange":false,"pass":false}
{"pairID":"2","level":1}
{"pairID":"1","level":1}
{"pairID":"1","level":1}
{"pairID":"1","level":1}
{"pairID":"2","level":1}
{"pairID":"1","level":1}
{"pairID":"2","level":1}
{"pairID":"1","level":1}
{"classID":"test","studentID":"2","pairID":"1","questionNum":[1,2],"interval":27479.20000000298,"hint":false,"exchange":false,"pass":false}
{"pairID":"1","level":1}
{"classID":"test","studentID":"2","pairID":"1","questionNum":[1,11],"interval":16539.29999999702,"hint":false,"exchange":false,"pass":false}
{"pairID":"2","level":1}
{"pairID":"1","level":1}
{"classID":"test","studentID":"2","pairID":"1","questionNum":[1,13],"interval":14512.20000000298,"hint":false,"exchange":false,"pass":false}
{"pairID":"2","level":1}
{"pairID":"1","level":1}
{"classID":"test","studentID":"2","pairID":"1","questionNum":[1,4],"level":1,"interval":16904.39999999851,"hint":false,"exchange":false,"pass":false}
{"pairID":"2","level":1}
{"pairID":"1","level":1}
{"classID":"test","studentID":"2","pairID":"1","questionNum":[1,2],"level":1,"interval":11065.29999999702,"hint":false,"exchange":false,"pass":false}
{"pairID":"2","level":1}
{"pairID":"1","level":1}
{"pairID":"2","level":1}
{"pairID":"1","level":1}
{"pairID":"2","level":1}
{"pairID":"1","level":1}
{"classID":"test","studentID":"2","pairID":"1","questionNum":[1,12],"level":1,"interval":9833.29999999702,"hint":false,"exchange":false,"pass":false}
{"classID":"test","studentID":"2","pairID":"1","questionNum":[1,7],"level":1,"interval":18792.60000000149,"hint":false,"exchange":false,"pass":false}
{"classID":"test","studentID":"2","pairID":"1","questionNum":[1,13],"level":1,"interval":12907.20000000298,"hint":false,"exchange":false,"pass":false}
{"classID":"test","studentID":"2","pairID":"1","questionNum":[1,2],"level":1,"interval":6945.20000000298,"hint":false,"exchange":false,"pass":false}
{"pairID":"1","level":1}
{"pairID":"2","level":1}
{"classID":"test","studentID":"1","pairID":"2","questionNum":[1,12],"level":1,"interval":8715,"hint":false,"exchange":false,"pass":false}
{"classID":"test","studentID":"1","pairID":"2","questionNum":[1,9],"level":1,"interval":15244.29999999702,"hint":false,"exchange":false,"pass":false}
{"classID":"test","studentID":"1","pairID":"2","questionNum":[1,3],"level":2,"interval":9928.19999999553,"hint":false,"exchange":false,"pass":false}
{"classID":"test","studentID":"1","pairID":"2","questionNum":[2,10],"level":2,"interval":17042.19999999553,"hint":false,"exchange":false,"pass":false}
